0 info it worked if it ends with ok
1 verbose cli [ 'C:\\Program Files\\nodejs\\node.exe',
1 verbose cli   'C:\\Users\\Admin\\AppData\\Roaming\\npm\\node_modules\\npm\\bin\\npm-cli.js',
1 verbose cli   'install',
1 verbose cli   '-g',
1 verbose cli   'phonegap@latest' ]
2 info using npm@3.10.8
3 info using node@v6.9.5
4 silly loadCurrentTree Starting
5 silly install loadCurrentTree
6 silly install readGlobalPackageData
7 silly fetchPackageMetaData phonegap@latest
8 silly fetchNamedPackageData phonegap
9 silly mapToRegistry name phonegap
10 silly mapToRegistry using default registry
11 silly mapToRegistry registry https://registry.npmjs.org/
12 silly mapToRegistry data Result {
12 silly mapToRegistry   raw: 'phonegap',
12 silly mapToRegistry   scope: null,
12 silly mapToRegistry   escapedName: 'phonegap',
12 silly mapToRegistry   name: 'phonegap',
12 silly mapToRegistry   rawSpec: '',
12 silly mapToRegistry   spec: 'latest',
12 silly mapToRegistry   type: 'tag' }
13 silly mapToRegistry uri https://registry.npmjs.org/phonegap
14 verbose request uri https://registry.npmjs.org/phonegap
15 verbose request no auth needed
16 info attempt registry request try #1 at 1:24:47 PM
17 verbose request id 849698ac740e3455
18 verbose etag W/"58c725e4-5a32f"
19 verbose lastModified Mon, 13 Mar 2017 23:06:12 GMT
20 http request GET https://registry.npmjs.org/phonegap
21 http 200 https://registry.npmjs.org/phonegap
22 verbose headers { server: 'nginx/1.10.3',
22 verbose headers   'content-type': 'application/json',
22 verbose headers   'last-modified': 'Wed, 12 Jul 2017 20:57:55 GMT',
22 verbose headers   etag: 'W/"59668d53-5f10b"',
22 verbose headers   'content-encoding': 'gzip',
22 verbose headers   'cache-control': 'max-age=300',
22 verbose headers   'content-length': '22823',
22 verbose headers   'accept-ranges': 'bytes',
22 verbose headers   date: 'Fri, 04 Aug 2017 03:24:47 GMT',
22 verbose headers   via: '1.1 varnish',
22 verbose headers   age: '0',
22 verbose headers   connection: 'keep-alive',
22 verbose headers   'x-served-by': 'cache-mel6527-MEL',
22 verbose headers   'x-cache': 'MISS',
22 verbose headers   'x-cache-hits': '0',
22 verbose headers   'x-timer': 'S1501817087.334805,VS0,VE14',
22 verbose headers   vary: 'Accept-Encoding, Accept' }
23 silly get cb [ 200,
23 silly get   { server: 'nginx/1.10.3',
23 silly get     'content-type': 'application/json',
23 silly get     'last-modified': 'Wed, 12 Jul 2017 20:57:55 GMT',
23 silly get     etag: 'W/"59668d53-5f10b"',
23 silly get     'content-encoding': 'gzip',
23 silly get     'cache-control': 'max-age=300',
23 silly get     'content-length': '22823',
23 silly get     'accept-ranges': 'bytes',
23 silly get     date: 'Fri, 04 Aug 2017 03:24:47 GMT',
23 silly get     via: '1.1 varnish',
23 silly get     age: '0',
23 silly get     connection: 'keep-alive',
23 silly get     'x-served-by': 'cache-mel6527-MEL',
23 silly get     'x-cache': 'MISS',
23 silly get     'x-cache-hits': '0',
23 silly get     'x-timer': 'S1501817087.334805,VS0,VE14',
23 silly get     vary: 'Accept-Encoding, Accept' } ]
24 verbose get saving phonegap to C:\Users\Admin\AppData\Roaming\npm-cache\registry.npmjs.org\phonegap\.cache.json
25 verbose correctMkdir C:\Users\Admin\AppData\Roaming\npm-cache correctMkdir not in flight; initializing
26 verbose stack Error: kill ENOSYS
26 verbose stack     at exports._errnoException (util.js:1022:11)
26 verbose stack     at process.kill (internal/process.js:172:13)
26 verbose stack     at process.listener (C:\Users\Admin\AppData\Roaming\npm\node_modules\npm\node_modules\npmlog\node_modules\gauge\node_modules\signal-exit\index.js:86:15)
26 verbose stack     at emitNone (events.js:91:20)
26 verbose stack     at process.emit (events.js:185:7)
26 verbose stack     at processEmit (C:\Users\Admin\AppData\Roaming\npm\node_modules\npm\node_modules\npmlog\node_modules\gauge\node_modules\signal-exit\index.js:146:32)
26 verbose stack     at processEmit (C:\Users\Admin\AppData\Roaming\npm\node_modules\npm\node_modules\npm-registry-client\node_modules\npmlog\node_modules\gauge\node_modules\signal-exit\index.js:146:32)
26 verbose stack     at Signal.wrap.onsignal (internal/process.js:199:44)
27 verbose cwd C:\Users\Admin\Desktop\Richard Noll_Cordova_L05HandsOn
28 error Windows_NT 6.1.7601
29 error argv "C:\\Program Files\\nodejs\\node.exe" "C:\\Users\\Admin\\AppData\\Roaming\\npm\\node_modules\\npm\\bin\\npm-cli.js" "install" "-g" "phonegap@latest"
30 error node v6.9.5
31 error npm  v3.10.8
32 error code ENOSYS
33 error errno ENOSYS
34 error syscall kill
35 error kill ENOSYS
36 error If you need help, you may report this error at:
36 error     <https://github.com/npm/npm/issues>
37 verbose exit [ 1, true ]
